[2026-02-24 00:36:15] [PROCESS_AGENT] Task-TASK-1771893375: COMPLETED | Score: 0.4 | Risk: LOW | 流程分析報告已建立: docs/reports/process_PROC-1771893375.md
[2026-02-24 00:36:15] [PROCESS_AGENT] Task-TASK-1771893375: COMPLETED | Score: 0.4 | Risk: LOW | 流程分析報告已建立: docs/reports/process_PROC-1771893375.md
[2026-02-24 00:36:15] [TALENT_AGENT] Task-TASK-1771893375: COMPLETED | Score: 0.3 | Risk: LOW | 人才分析報告已建立: docs/reports/talent_TAL-1771893375.md
[2026-02-24 00:36:15] [TALENT_AGENT] Task-TASK-1771893375: COMPLETED | Score: 0.3 | Risk: LOW | 人才分析報告已建立: docs/reports/talent_TAL-1771893375.md
[2026-02-24 00:36:15] [DECISION_AGENT] Task-TASK-1771893375: COMPLETED | Score: 0.4 | Risk: LOW | 決策分析報告已建立: docs/reports/decision_DEC-1771893375.md
[2026-02-24 00:36:15] [DECISION_AGENT] Task-TASK-1771893375: COMPLETED | Score: 0.4 | Risk: LOW | 決策分析報告已建立: docs/reports/decision_DEC-1771893375.md
[2026-02-24 00:36:15] [KM_AGENT] Task-TASK-1771893375: COMPLETED | Score: 0.3 | Risk: LOW | 知識卡片已建立: docs/sops/knowledge_KM-1771893375.md
[2026-02-24 00:36:15] [KM_AGENT] Task-TASK-1771893375: COMPLETED | Score: 0.3 | Risk: LOW | 知識卡片已建立: docs/sops/knowledge_KM-1771893375.md
[2026-02-24 00:36:15] [KM_AGENT] Task-TASK-1771893375: COMPLETED | Score: 0.3 | Risk: LOW | 知識卡片已建立: docs/sops/knowledge_KM-1771893375.md
[2026-02-24 00:36:15] [KM_AGENT] Task-TASK-1771893375: COMPLETED | Score: 0.3 | Risk: LOW | 知識卡片已建立: docs/sops/knowledge_KM-1771893375.md
[2026-02-24 00:36:16] [KM_AGENT] Task-TASK-1771893376: COMPLETED | Score: 0.3 | Risk: LOW | 知識卡片已建立: docs/sops/knowledge_KM-1771893376.md
[2026-02-24 00:36:16] [KM_AGENT] Task-TASK-1771893376: COMPLETED | Score: 0.3 | Risk: LOW | 知識卡片已建立: docs/sops/knowledge_KM-1771893376.md
[2026-02-24 00:36:16] [PROCESS_AGENT] Task-TASK-1771893376: COMPLETED | Score: 0.4 | Risk: LOW | 流程分析報告已建立: docs/reports/process_PROC-1771893376.md
[2026-02-24 00:36:16] [TALENT_AGENT] Task-TASK-1771893376: COMPLETED | Score: 0.3 | Risk: LOW | 人才分析報告已建立: docs/reports/talent_TAL-1771893376.md
[2026-02-24 00:36:16] [DECISION_AGENT] Task-TASK-1771893376: COMPLETED | Score: 0.4 | Risk: LOW | 決策分析報告已建立: docs/reports/decision_DEC-1771893376.md
[2026-02-24 00:36:16] [KM_AGENT] Task-TASK-1771893376: COMPLETED | Score: 0.3 | Risk: LOW | 知識卡片已建立: docs/sops/knowledge_KM-1771893376.md
[2026-02-24 00:40:58] [PROCESS_AGENT] Task-TASK-1771893658: COMPLETED | Score: 0.4 | Risk: LOW | 流程分析報告已建立: docs/reports/process_PROC-1771893658.md
[2026-02-24 00:40:58] [PROCESS_AGENT] Task-TASK-1771893658: COMPLETED | Score: 0.4 | Risk: LOW | 流程分析報告已建立: docs/reports/process_PROC-1771893658.md
[2026-02-24 00:40:58] [TALENT_AGENT] Task-TASK-1771893658: COMPLETED | Score: 0.3 | Risk: LOW | 人才分析報告已建立: docs/reports/talent_TAL-1771893658.md
[2026-02-24 00:40:58] [TALENT_AGENT] Task-TASK-1771893658: COMPLETED | Score: 0.3 | Risk: LOW | 人才分析報告已建立: docs/reports/talent_TAL-1771893658.md
[2026-02-24 00:40:58] [DECISION_AGENT] Task-TASK-1771893658: COMPLETED | Score: 0.4 | Risk: LOW | 決策分析報告已建立: docs/reports/decision_DEC-1771893658.md
[2026-02-24 00:40:58] [DECISION_AGENT] Task-TASK-1771893658: COMPLETED | Score: 0.4 | Risk: LOW | 決策分析報告已建立: docs/reports/decision_DEC-1771893658.md
[2026-02-24 00:40:58] [KM_AGENT] Task-TASK-1771893658: COMPLETED | Score: 0.3 | Risk: LOW | 知識卡片已建立: docs/sops/knowledge_KM-1771893658.md
[2026-02-24 00:40:58] [KM_AGENT] Task-TASK-1771893658: COMPLETED | Score: 0.3 | Risk: LOW | 知識卡片已建立: docs/sops/knowledge_KM-1771893658.md
[2026-02-24 00:40:59] [KM_AGENT] Task-TASK-1771893659: COMPLETED | Score: 0.3 | Risk: LOW | 知識卡片已建立: docs/sops/knowledge_KM-1771893659.md
[2026-02-24 00:40:59] [KM_AGENT] Task-TASK-1771893659: COMPLETED | Score: 0.3 | Risk: LOW | 知識卡片已建立: docs/sops/knowledge_KM-1771893659.md
[2026-02-24 00:40:59] [KM_AGENT] Task-TASK-1771893659: COMPLETED | Score: 0.3 | Risk: LOW | 知識卡片已建立: docs/sops/knowledge_KM-1771893659.md
[2026-02-24 00:40:59] [KM_AGENT] Task-TASK-1771893659: COMPLETED | Score: 0.3 | Risk: LOW | 知識卡片已建立: docs/sops/knowledge_KM-1771893659.md
[2026-02-24 00:40:59] [PROCESS_AGENT] Task-TASK-1771893659: COMPLETED | Score: 0.4 | Risk: LOW | 流程分析報告已建立: docs/reports/process_PROC-1771893659.md
[2026-02-24 00:40:59] [TALENT_AGENT] Task-TASK-1771893659: COMPLETED | Score: 0.3 | Risk: LOW | 人才分析報告已建立: docs/reports/talent_TAL-1771893659.md
[2026-02-24 00:40:59] [DECISION_AGENT] Task-TASK-1771893659: COMPLETED | Score: 0.4 | Risk: LOW | 決策分析報告已建立: docs/reports/decision_DEC-1771893659.md
[2026-02-24 00:40:59] [KM_AGENT] Task-TASK-1771893659: COMPLETED | Score: 0.3 | Risk: LOW | 知識卡片已建立: docs/sops/knowledge_KM-1771893659.md
[2026-02-24 00:40:59] [KM_AGENT] Task-TASK-1771893659: COMPLETED | Score: 0.3 | Risk: LOW | 知識卡片已建立: docs/sops/knowledge_KM-1771893659.md
[2026-02-24 00:44:24] [KM_AGENT] Task-TASK-1771893864: COMPLETED | Score: 0.5 | Risk: LOW | [模擬] 已處理任務: 請幫我萃取採購SOP
[2026-02-24 00:44:29] [PROCESS_AGENT] Task-TASK-1771893869: COMPLETED | Score: 0.4 | Risk: LOW | 流程分析報告已建立: docs/reports/process_PROC-1771893869.md
[2026-02-24 00:44:29] [PROCESS_AGENT] Task-TASK-1771893869: COMPLETED | Score: 0.4 | Risk: LOW | 流程分析報告已建立: docs/reports/process_PROC-1771893869.md
[2026-02-24 00:44:29] [TALENT_AGENT] Task-TASK-1771893869: COMPLETED | Score: 0.3 | Risk: LOW | 人才分析報告已建立: docs/reports/talent_TAL-1771893869.md
[2026-02-24 00:44:29] [TALENT_AGENT] Task-TASK-1771893869: COMPLETED | Score: 0.3 | Risk: LOW | 人才分析報告已建立: docs/reports/talent_TAL-1771893869.md
[2026-02-24 00:44:29] [DECISION_AGENT] Task-TASK-1771893869: COMPLETED | Score: 0.4 | Risk: LOW | 決策分析報告已建立: docs/reports/decision_DEC-1771893869.md
[2026-02-24 00:44:29] [DECISION_AGENT] Task-TASK-1771893869: COMPLETED | Score: 0.4 | Risk: LOW | 決策分析報告已建立: docs/reports/decision_DEC-1771893869.md
[2026-02-24 00:44:29] [KM_AGENT] Task-TASK-1771893869: COMPLETED | Score: 0.5 | Risk: LOW | [模擬] 已處理任務: 請幫我萃取採購SOP
[2026-02-24 00:44:29] [KM_AGENT] Task-TASK-1771893869: COMPLETED | Score: 0.3 | Risk: LOW | 知識卡片已建立: docs/sops/knowledge_KM-1771893869.md
[2026-02-24 00:44:29] [KM_AGENT] Task-TASK-1771893869: COMPLETED | Score: 0.3 | Risk: LOW | 知識卡片已建立: docs/sops/knowledge_KM-1771893869.md
[2026-02-24 00:44:29] [KM_AGENT] Task-TASK-1771893869: COMPLETED | Score: 0.3 | Risk: LOW | 知識卡片已建立: docs/sops/knowledge_KM-1771893869.md
[2026-02-24 00:44:29] [KM_AGENT] Task-TASK-1771893869: COMPLETED | Score: 0.3 | Risk: LOW | 知識卡片已建立: docs/sops/knowledge_KM-1771893869.md
[2026-02-24 00:44:29] [KM_AGENT] Task-TASK-1771893869: COMPLETED | Score: 0.3 | Risk: LOW | 知識卡片已建立: docs/sops/knowledge_KM-1771893869.md
[2026-02-24 00:44:29] [KM_AGENT] Task-TASK-1771893869: COMPLETED | Score: 0.3 | Risk: LOW | 知識卡片已建立: docs/sops/knowledge_KM-1771893869.md
[2026-02-24 00:44:29] [PROCESS_AGENT] Task-TASK-1771893869: COMPLETED | Score: 0.4 | Risk: LOW | 流程分析報告已建立: docs/reports/process_PROC-1771893869.md
[2026-02-24 00:44:29] [TALENT_AGENT] Task-TASK-1771893869: COMPLETED | Score: 0.3 | Risk: LOW | 人才分析報告已建立: docs/reports/talent_TAL-1771893869.md
[2026-02-24 00:44:29] [DECISION_AGENT] Task-TASK-1771893869: COMPLETED | Score: 0.4 | Risk: LOW | 決策分析報告已建立: docs/reports/decision_DEC-1771893869.md
[2026-02-24 00:44:29] [KM_AGENT] Task-TASK-1771893869: COMPLETED | Score: 0.3 | Risk: LOW | 知識卡片已建立: docs/sops/knowledge_KM-1771893869.md
[2026-02-24 00:44:29] [KM_AGENT] Task-TASK-1771893869: COMPLETED | Score: 0.3 | Risk: LOW | 知識卡片已建立: docs/sops/knowledge_KM-1771893869.md
[2026-02-24 00:45:20] [PROCESS_AGENT] Task-TASK-1771893920: COMPLETED | Score: 0.4 | Risk: LOW | 流程分析報告已建立: docs/reports/process_PROC-1771893920.md
[2026-02-24 00:45:20] [PROCESS_AGENT] Task-TASK-1771893920: COMPLETED | Score: 0.4 | Risk: LOW | 流程分析報告已建立: docs/reports/process_PROC-1771893920.md
[2026-02-24 00:45:20] [TALENT_AGENT] Task-TASK-1771893920: COMPLETED | Score: 0.3 | Risk: LOW | 人才分析報告已建立: docs/reports/talent_TAL-1771893920.md
[2026-02-24 00:45:20] [TALENT_AGENT] Task-TASK-1771893920: COMPLETED | Score: 0.3 | Risk: LOW | 人才分析報告已建立: docs/reports/talent_TAL-1771893920.md
[2026-02-24 00:45:20] [DECISION_AGENT] Task-TASK-1771893920: COMPLETED | Score: 0.4 | Risk: LOW | 決策分析報告已建立: docs/reports/decision_DEC-1771893920.md
[2026-02-24 00:45:20] [DECISION_AGENT] Task-TASK-1771893920: COMPLETED | Score: 0.4 | Risk: LOW | 決策分析報告已建立: docs/reports/decision_DEC-1771893920.md
[2026-02-24 00:45:21] [KM_AGENT] Task-TASK-1771893921: COMPLETED | Score: 0.5 | Risk: LOW | [模擬] 已處理任務: 請幫我萃取採購SOP
[2026-02-24 00:45:21] [KM_AGENT] Task-TASK-1771893921: COMPLETED | Score: 0.3 | Risk: LOW | 知識卡片已建立: docs/sops/knowledge_KM-1771893921.md
[2026-02-24 00:45:21] [KM_AGENT] Task-TASK-1771893921: COMPLETED | Score: 0.3 | Risk: LOW | 知識卡片已建立: docs/sops/knowledge_KM-1771893921.md
[2026-02-24 00:45:21] [KM_AGENT] Task-TASK-1771893921: COMPLETED | Score: 0.3 | Risk: LOW | 知識卡片已建立: docs/sops/knowledge_KM-1771893921.md
[2026-02-24 00:45:21] [KM_AGENT] Task-TASK-1771893921: COMPLETED | Score: 0.3 | Risk: LOW | 知識卡片已建立: docs/sops/knowledge_KM-1771893921.md
[2026-02-24 00:45:21] [KM_AGENT] Task-TASK-1771893921: COMPLETED | Score: 0.3 | Risk: LOW | 知識卡片已建立: docs/sops/knowledge_KM-1771893921.md
[2026-02-24 00:45:21] [KM_AGENT] Task-TASK-1771893921: COMPLETED | Score: 0.3 | Risk: LOW | 知識卡片已建立: docs/sops/knowledge_KM-1771893921.md
[2026-02-24 00:45:21] [PROCESS_AGENT] Task-TASK-1771893921: COMPLETED | Score: 0.4 | Risk: LOW | 流程分析報告已建立: docs/reports/process_PROC-1771893921.md
[2026-02-24 00:45:21] [TALENT_AGENT] Task-TASK-1771893921: COMPLETED | Score: 0.3 | Risk: LOW | 人才分析報告已建立: docs/reports/talent_TAL-1771893921.md
[2026-02-24 00:45:21] [DECISION_AGENT] Task-TASK-1771893921: COMPLETED | Score: 0.4 | Risk: LOW | 決策分析報告已建立: docs/reports/decision_DEC-1771893921.md
[2026-02-24 00:45:21] [KM_AGENT] Task-TASK-1771893921: COMPLETED | Score: 0.3 | Risk: LOW | 知識卡片已建立: docs/sops/knowledge_KM-1771893921.md
[2026-02-24 00:45:21] [KM_AGENT] Task-TASK-1771893921: COMPLETED | Score: 0.3 | Risk: LOW | 知識卡片已建立: docs/sops/knowledge_KM-1771893921.md
[2026-02-24 02:16:41] [PROCESS_AGENT] Task-TASK-1771899401: COMPLETED | Score: 0.4 | Risk: LOW | 流程分析報告已建立: docs/reports/process_PROC-1771899401.md
[2026-02-24 02:16:41] [PROCESS_AGENT] Task-TASK-1771899401: COMPLETED | Score: 0.4 | Risk: LOW | 流程分析報告已建立: docs/reports/process_PROC-1771899401.md
[2026-02-24 02:16:41] [TALENT_AGENT] Task-TASK-1771899401: COMPLETED | Score: 0.3 | Risk: LOW | 人才分析報告已建立: docs/reports/talent_TAL-1771899401.md
[2026-02-24 02:16:41] [TALENT_AGENT] Task-TASK-1771899401: COMPLETED | Score: 0.3 | Risk: LOW | 人才分析報告已建立: docs/reports/talent_TAL-1771899401.md
[2026-02-24 02:16:41] [DECISION_AGENT] Task-TASK-1771899401: COMPLETED | Score: 0.4 | Risk: LOW | 決策分析報告已建立: docs/reports/decision_DEC-1771899401.md
[2026-02-24 02:16:41] [DECISION_AGENT] Task-TASK-1771899401: COMPLETED | Score: 0.4 | Risk: LOW | 決策分析報告已建立: docs/reports/decision_DEC-1771899401.md
[2026-02-24 02:16:41] [KM_AGENT] Task-TASK-1771899401: COMPLETED | Score: 0.5 | Risk: LOW | [模擬] 已處理任務: 請幫我萃取採購SOP
[2026-02-24 02:16:41] [KM_AGENT] Task-TASK-1771899401: COMPLETED | Score: 0.3 | Risk: LOW | 知識卡片已建立: docs/sops/knowledge_KM-1771899401.md
[2026-02-24 02:16:41] [KM_AGENT] Task-TASK-1771899401: COMPLETED | Score: 0.3 | Risk: LOW | 知識卡片已建立: docs/sops/knowledge_KM-1771899401.md
[2026-02-24 02:16:41] [KM_AGENT] Task-TASK-1771899401: COMPLETED | Score: 0.3 | Risk: LOW | 知識卡片已建立: docs/sops/knowledge_KM-1771899401.md
[2026-02-24 02:16:41] [KM_AGENT] Task-TASK-1771899401: COMPLETED | Score: 0.3 | Risk: LOW | 知識卡片已建立: docs/sops/knowledge_KM-1771899401.md
[2026-02-24 02:16:41] [KM_AGENT] Task-TASK-1771899401: COMPLETED | Score: 0.3 | Risk: LOW | 知識卡片已建立: docs/sops/knowledge_KM-1771899401.md
[2026-02-24 02:16:41] [KM_AGENT] Task-TASK-1771899401: COMPLETED | Score: 0.3 | Risk: LOW | 知識卡片已建立: docs/sops/knowledge_KM-1771899401.md
[2026-02-24 02:16:41] [PROCESS_AGENT] Task-TASK-1771899401: COMPLETED | Score: 0.4 | Risk: LOW | 流程分析報告已建立: docs/reports/process_PROC-1771899401.md
[2026-02-24 02:16:41] [TALENT_AGENT] Task-TASK-1771899401: COMPLETED | Score: 0.3 | Risk: LOW | 人才分析報告已建立: docs/reports/talent_TAL-1771899401.md
[2026-02-24 02:16:41] [DECISION_AGENT] Task-TASK-1771899401: COMPLETED | Score: 0.4 | Risk: LOW | 決策分析報告已建立: docs/reports/decision_DEC-1771899401.md
[2026-02-24 02:16:41] [KM_AGENT] Task-TASK-1771899401: COMPLETED | Score: 0.3 | Risk: LOW | 知識卡片已建立: docs/sops/knowledge_KM-1771899401.md
[2026-02-24 02:17:47] [PROCESS_AGENT] Task-TASK-1771899467: COMPLETED | Score: 0.4 | Risk: LOW | 流程分析報告已建立: docs/reports/process_PROC-1771899467.md
[2026-02-24 02:17:47] [PROCESS_AGENT] Task-TASK-1771899467: COMPLETED | Score: 0.4 | Risk: LOW | 流程分析報告已建立: docs/reports/process_PROC-1771899467.md
[2026-02-24 02:17:47] [TALENT_AGENT] Task-TASK-1771899467: COMPLETED | Score: 0.3 | Risk: LOW | 人才分析報告已建立: docs/reports/talent_TAL-1771899467.md
[2026-02-24 02:17:47] [TALENT_AGENT] Task-TASK-1771899467: COMPLETED | Score: 0.3 | Risk: LOW | 人才分析報告已建立: docs/reports/talent_TAL-1771899467.md
[2026-02-24 02:17:47] [DECISION_AGENT] Task-TASK-1771899467: COMPLETED | Score: 0.4 | Risk: LOW | 決策分析報告已建立: docs/reports/decision_DEC-1771899467.md
[2026-02-24 02:17:47] [DECISION_AGENT] Task-TASK-1771899467: COMPLETED | Score: 0.4 | Risk: LOW | 決策分析報告已建立: docs/reports/decision_DEC-1771899467.md
[2026-02-24 02:17:48] [KM_AGENT] Task-TASK-1771899468: COMPLETED | Score: 0.5 | Risk: LOW | [模擬] 已處理任務: 請幫我萃取採購SOP
[2026-02-24 02:17:48] [KM_AGENT] Task-TASK-1771899468: COMPLETED | Score: 0.3 | Risk: LOW | 知識卡片已建立: docs/sops/knowledge_KM-1771899468.md
[2026-02-24 02:17:48] [KM_AGENT] Task-TASK-1771899468: COMPLETED | Score: 0.3 | Risk: LOW | 知識卡片已建立: docs/sops/knowledge_KM-1771899468.md
[2026-02-24 02:17:48] [KM_AGENT] Task-TASK-1771899468: COMPLETED | Score: 0.3 | Risk: LOW | 知識卡片已建立: docs/sops/knowledge_KM-1771899468.md
[2026-02-24 02:17:48] [KM_AGENT] Task-TASK-1771899468: COMPLETED | Score: 0.3 | Risk: LOW | 知識卡片已建立: docs/sops/knowledge_KM-1771899468.md
[2026-02-24 02:17:48] [KM_AGENT] Task-TASK-1771899468: COMPLETED | Score: 0.3 | Risk: LOW | 知識卡片已建立: docs/sops/knowledge_KM-1771899468.md
[2026-02-24 02:17:48] [KM_AGENT] Task-TASK-1771899468: COMPLETED | Score: 0.3 | Risk: LOW | 知識卡片已建立: docs/sops/knowledge_KM-1771899468.md
[2026-02-24 02:17:48] [PROCESS_AGENT] Task-TASK-1771899468: COMPLETED | Score: 0.4 | Risk: LOW | 流程分析報告已建立: docs/reports/process_PROC-1771899468.md
[2026-02-24 02:17:48] [TALENT_AGENT] Task-TASK-1771899468: COMPLETED | Score: 0.3 | Risk: LOW | 人才分析報告已建立: docs/reports/talent_TAL-1771899468.md
[2026-02-24 02:17:48] [DECISION_AGENT] Task-TASK-1771899468: COMPLETED | Score: 0.4 | Risk: LOW | 決策分析報告已建立: docs/reports/decision_DEC-1771899468.md
[2026-02-24 02:17:48] [KM_AGENT] Task-TASK-1771899468: COMPLETED | Score: 0.3 | Risk: LOW | 知識卡片已建立: docs/sops/knowledge_KM-1771899468.md
[2026-02-24 02:30:33] [PROCESS_AGENT] Task-TASK-1771900233: COMPLETED | Score: 0.4 | Risk: LOW | 流程分析報告已建立: docs/reports/process_PROC-1771900233.md
[2026-02-24 02:30:33] [PROCESS_AGENT] Task-TASK-1771900233: COMPLETED | Score: 0.4 | Risk: LOW | 流程分析報告已建立: docs/reports/process_PROC-1771900233.md
[2026-02-24 02:30:33] [TALENT_AGENT] Task-TASK-1771900233: COMPLETED | Score: 0.3 | Risk: LOW | 人才分析報告已建立: docs/reports/talent_TAL-1771900233.md
[2026-02-24 02:30:33] [TALENT_AGENT] Task-TASK-1771900233: COMPLETED | Score: 0.3 | Risk: LOW | 人才分析報告已建立: docs/reports/talent_TAL-1771900233.md
[2026-02-24 02:30:33] [DECISION_AGENT] Task-TASK-1771900233: COMPLETED | Score: 0.4 | Risk: LOW | 決策分析報告已建立: docs/reports/decision_DEC-1771900233.md
[2026-02-24 02:30:33] [DECISION_AGENT] Task-TASK-1771900233: COMPLETED | Score: 0.4 | Risk: LOW | 決策分析報告已建立: docs/reports/decision_DEC-1771900233.md
[2026-02-24 02:30:34] [KM_AGENT] Task-TASK-1771900234: COMPLETED | Score: 0.5 | Risk: LOW | [模擬] 已處理任務: 請幫我萃取採購SOP
[2026-02-24 02:30:34] [KM_AGENT] Task-TASK-1771900234: COMPLETED | Score: 0.3 | Risk: LOW | 知識卡片已建立: docs/sops/knowledge_KM-1771900234.md
[2026-02-24 02:30:34] [KM_AGENT] Task-TASK-1771900234: COMPLETED | Score: 0.3 | Risk: LOW | 知識卡片已建立: docs/sops/knowledge_KM-1771900234.md
[2026-02-24 02:30:34] [KM_AGENT] Task-TASK-1771900234: COMPLETED | Score: 0.3 | Risk: LOW | 知識卡片已建立: docs/sops/knowledge_KM-1771900234.md
[2026-02-24 02:30:34] [KM_AGENT] Task-TASK-1771900234: COMPLETED | Score: 0.3 | Risk: LOW | 知識卡片已建立: docs/sops/knowledge_KM-1771900234.md
[2026-02-24 02:30:34] [KM_AGENT] Task-TASK-1771900234: COMPLETED | Score: 0.3 | Risk: LOW | 知識卡片已建立: docs/sops/knowledge_KM-1771900234.md
[2026-02-24 02:30:34] [KM_AGENT] Task-TASK-1771900234: COMPLETED | Score: 0.3 | Risk: LOW | 知識卡片已建立: docs/sops/knowledge_KM-1771900234.md
[2026-02-24 02:30:34] [PROCESS_AGENT] Task-TASK-1771900234: COMPLETED | Score: 0.4 | Risk: LOW | 流程分析報告已建立: docs/reports/process_PROC-1771900234.md
[2026-02-24 02:30:34] [TALENT_AGENT] Task-TASK-1771900234: COMPLETED | Score: 0.3 | Risk: LOW | 人才分析報告已建立: docs/reports/talent_TAL-1771900234.md
[2026-02-24 02:30:34] [DECISION_AGENT] Task-TASK-1771900234: COMPLETED | Score: 0.4 | Risk: LOW | 決策分析報告已建立: docs/reports/decision_DEC-1771900234.md
[2026-02-24 02:30:34] [KM_AGENT] Task-TASK-1771900234: COMPLETED | Score: 0.3 | Risk: LOW | 知識卡片已建立: docs/sops/knowledge_KM-1771900234.md
[2026-02-24 02:30:34] [KM_AGENT] Task-TASK-1771900234: COMPLETED | Score: 0.3 | Risk: LOW | 知識卡片已建立: docs/sops/knowledge_KM-1771900234.md
[2026-02-24 02:33:29] [KM_AGENT] Task-TASK-1771900409: COMPLETED | Score: 0.3 | Risk: LOW | 知識卡片已建立: docs/sops/knowledge_KM-1771900409.md
[2026-02-24 02:33:29] [KM_AGENT] Task-TASK-1771900409: COMPLETED | Score: 0.4 | Risk: LOW | 知識卡片已建立: docs/sops/knowledge_KM-1771900409.md
[2026-02-24 02:33:29] [KM_AGENT] Task-TASK-1771900409: COMPLETED | Score: 0.3 | Risk: LOW | 知識卡片已建立: docs/sops/knowledge_KM-1771900409.md
[2026-02-24 02:33:34] [PROCESS_AGENT] Task-TASK-1771900414: COMPLETED | Score: 0.4 | Risk: LOW | 流程分析報告已建立: docs/reports/process_PROC-1771900414.md
[2026-02-24 02:33:34] [PROCESS_AGENT] Task-TASK-1771900414: COMPLETED | Score: 0.4 | Risk: LOW | 流程分析報告已建立: docs/reports/process_PROC-1771900414.md
[2026-02-24 02:33:34] [TALENT_AGENT] Task-TASK-1771900414: COMPLETED | Score: 0.3 | Risk: LOW | 人才分析報告已建立: docs/reports/talent_TAL-1771900414.md
[2026-02-24 02:33:34] [TALENT_AGENT] Task-TASK-1771900414: COMPLETED | Score: 0.3 | Risk: LOW | 人才分析報告已建立: docs/reports/talent_TAL-1771900414.md
[2026-02-24 02:33:34] [DECISION_AGENT] Task-TASK-1771900414: COMPLETED | Score: 0.4 | Risk: LOW | 決策分析報告已建立: docs/reports/decision_DEC-1771900414.md
[2026-02-24 02:33:34] [DECISION_AGENT] Task-TASK-1771900414: COMPLETED | Score: 0.4 | Risk: LOW | 決策分析報告已建立: docs/reports/decision_DEC-1771900414.md
[2026-02-24 02:33:34] [KM_AGENT] Task-TASK-1771900414: COMPLETED | Score: 0.5 | Risk: LOW | [模擬] 已處理任務: 請幫我萃取採購SOP
[2026-02-24 02:33:34] [KM_AGENT] Task-TASK-1771900414: COMPLETED | Score: 0.3 | Risk: LOW | 知識卡片已建立: docs/sops/knowledge_KM-1771900414.md
[2026-02-24 02:33:34] [KM_AGENT] Task-TASK-1771900414: COMPLETED | Score: 0.3 | Risk: LOW | 知識卡片已建立: docs/sops/knowledge_KM-1771900414.md
[2026-02-24 02:33:34] [KM_AGENT] Task-TASK-1771900414: COMPLETED | Score: 0.3 | Risk: LOW | 知識卡片已建立: docs/sops/knowledge_KM-1771900414.md
[2026-02-24 02:33:34] [KM_AGENT] Task-TASK-1771900414: COMPLETED | Score: 0.3 | Risk: LOW | 知識卡片已建立: docs/sops/knowledge_KM-1771900414.md
[2026-02-24 02:33:34] [KM_AGENT] Task-TASK-1771900414: COMPLETED | Score: 0.3 | Risk: LOW | 知識卡片已建立: docs/sops/knowledge_KM-1771900414.md
[2026-02-24 02:33:34] [KM_AGENT] Task-TASK-1771900414: COMPLETED | Score: 0.3 | Risk: LOW | 知識卡片已建立: docs/sops/knowledge_KM-1771900414.md
[2026-02-24 02:33:34] [PROCESS_AGENT] Task-TASK-1771900414: COMPLETED | Score: 0.4 | Risk: LOW | 流程分析報告已建立: docs/reports/process_PROC-1771900414.md
[2026-02-24 02:33:34] [TALENT_AGENT] Task-TASK-1771900414: COMPLETED | Score: 0.3 | Risk: LOW | 人才分析報告已建立: docs/reports/talent_TAL-1771900414.md
[2026-02-24 02:33:34] [DECISION_AGENT] Task-TASK-1771900414: COMPLETED | Score: 0.4 | Risk: LOW | 決策分析報告已建立: docs/reports/decision_DEC-1771900414.md
[2026-02-24 02:33:34] [KM_AGENT] Task-TASK-1771900414: COMPLETED | Score: 0.3 | Risk: LOW | 知識卡片已建立: docs/sops/knowledge_KM-1771900414.md
[2026-02-24 02:33:34] [KM_AGENT] Task-TASK-1771900414: COMPLETED | Score: 0.3 | Risk: LOW | 知識卡片已建立: docs/sops/knowledge_KM-1771900414.md
[2026-02-24 02:33:34] [KM_AGENT] Task-TASK-1771900414: COMPLETED | Score: 0.3 | Risk: LOW | 知識卡片已建立: docs/sops/knowledge_KM-1771900414.md
[2026-02-24 02:33:35] [KM_AGENT] Task-TASK-1771900415: COMPLETED | Score: 0.4 | Risk: LOW | 知識卡片已建立: docs/sops/knowledge_KM-1771900415.md
[2026-02-24 02:33:35] [KM_AGENT] Task-TASK-1771900415: COMPLETED | Score: 0.3 | Risk: LOW | 知識卡片已建立: docs/sops/knowledge_KM-1771900415.md
[2026-02-24 02:35:17] [KM_AGENT] Task-TASK-1771900517: COMPLETED | Score: 0.3 | Risk: LOW | 知識卡片已建立: docs/sops/knowledge_KM-1771900517.md
[2026-02-24 02:35:17] [KM_AGENT] Task-TASK-1771900517: COMPLETED | Score: 0.4 | Risk: LOW | 知識卡片已建立: docs/sops/knowledge_KM-1771900517.md
[2026-02-24 02:35:17] [KM_AGENT] Task-TASK-1771900517: COMPLETED | Score: 0.3 | Risk: LOW | 知識卡片已建立: docs/sops/knowledge_KM-1771900517.md
